<?xml version="1.0" encoding="UTF-8"?>
<!-- Generated by org.testng.reporters.JUnitReportReporter -->
<testsuite hostname="IN-2Z171X2" failures="0" tests="1" name="beauty.Loreal_Test" time="14.912" errors="0" timestamp="2024-05-21T15:28:47 IST" skipped="0">
  <testcase classname="beauty.Loreal_Test" name="loreal" time="14.912"/>
  <system-out/>
</testsuite> <!-- beauty.Loreal_Test -->
